# JRE version: OpenJDK Runtime Environment Microsoft-8035246 (17.0.8+7) (build 17.0.8+7-LTS)
# Java VM: OpenJDK 64-Bit Server VM Microsoft-8035246 (17.0.8+7-LTS, mixed mode, sharing, tiered, compressed oops, compressed class ptrs, g1 gc, windows-amd64)
GC Precious Log:
 CPUs: 12 total, 12 available
 Memory: 16261M
 Large Page Support: Disabled
 NUMA Support: Disabled
 Compressed Oops: Enabled (32-bit)
 Heap Region Size: 1M
 Heap Min Capacity: 8M
 Heap Initial Capacity: 256M
 Heap Max Capacity: 2G
 Pre-touch: Disabled
 Parallel Workers: 10
 Concurrent Workers: 3
 Concurrent Refinement Workers: 10
 Periodic GC: Disabled
Heap:
 garbage-first heap   total 257024K, used 208815K [0x0000000080000000, 0x0000000100000000)
  region size 1024K, 17 young (17408K), 4 survivors (4096K)
 Metaspace       used 105741K, committed 107008K, reserved 557056K
  class space    used 14783K, committed 15360K, reserved 425984K
GC Heap History (20 events):
Event: 26.060 GC heap before
{Heap before GC invocations=60 (full 0):
 garbage-first heap   total 214016K, used 183664K [0x0000000080000000, 0x0000000100000000)
  region size 1024K, 18 young (18432K), 2 survivors (2048K)
 Metaspace       used 102662K, committed 103872K, reserved 557056K
  class space    used 14355K, committed 14912K, reserved 425984K
}
Event: 26.062 GC heap after
{Heap after GC invocations=61 (full 0):
 garbage-first heap   total 257024K, used 170201K [0x0000000080000000, 0x0000000100000000)
  region size 1024K, 2 young (2048K), 2 survivors (2048K)
 Metaspace       used 102662K, committed 103872K, reserved 557056K
  class space    used 14355K, committed 14912K, reserved 425984K
}
Event: 26.331 GC heap before
{Heap before GC invocations=61 (full 0):
 garbage-first heap   total 257024K, used 212185K [0x0000000080000000, 0x0000000100000000)
  region size 1024K, 43 young (44032K), 2 survivors (2048K)
 Metaspace       used 103595K, committed 104768K, reserved 557056K
  class space    used 14459K, committed 15040K, reserved 425984K
}
Event: 26.335 GC heap after
{Heap after GC invocations=62 (full 0):
 garbage-first heap   total 257024K, used 175767K [0x0000000080000000, 0x0000000100000000)
  region size 1024K, 6 young (6144K), 6 survivors (6144K)
 Metaspace       used 103595K, committed 104768K, reserved 557056K
  class space    used 14459K, committed 15040K, reserved 425984K
}
Event: 26.523 GC heap before
{Heap before GC invocations=62 (full 0):
 garbage-first heap   total 257024K, used 214679K [0x0000000080000000, 0x0000000100000000)
  region size 1024K, 44 young (45056K), 6 survivors (6144K)
 Metaspace       used 103763K, committed 104960K, reserved 557056K
  class space    used 14461K, committed 15040K, reserved 425984K
}
Event: 26.527 GC heap after
{Heap after GC invocations=63 (full 0):
 garbage-first heap   total 257024K, used 179937K [0x0000000080000000, 0x0000000100000000)
  region size 1024K, 4 young (4096K), 4 survivors (4096K)
 Metaspace       used 103763K, committed 104960K, reserved 557056K
  class space    used 14461K, committed 15040K, reserved 425984K
}
Event: 26.673 GC heap before
{Heap before GC invocations=63 (full 0):
 garbage-first heap   total 257024K, used 216801K [0x0000000080000000, 0x0000000100000000)
  region size 1024K, 40 young (40960K), 4 survivors (4096K)
 Metaspace       used 104186K, committed 105344K, reserved 557056K
  class space    used 14512K, committed 15040K, reserved 425984K
}
Event: 26.676 GC heap after
{Heap after GC invocations=64 (full 0):
 garbage-first heap   total 257024K, used 184254K [0x0000000080000000, 0x0000000100000000)
  region size 1024K, 5 young (5120K), 5 survivors (5120K)
 Metaspace       used 104186K, committed 105344K, reserved 557056K
  class space    used 14512K, committed 15040K, reserved 425984K
}
Event: 26.822 GC heap before
{Heap before GC invocations=64 (full 0):
 garbage-first heap   total 257024K, used 217022K [0x0000000080000000, 0x0000000100000000)
  region size 1024K, 37 young (37888K), 5 survivors (5120K)
 Metaspace       used 105117K, committed 106368K, reserved 557056K
  class space    used 14732K, committed 15296K, reserved 425984K
}
Event: 26.825 GC heap after
{Heap after GC invocations=65 (full 0):
 garbage-first heap   total 257024K, used 186813K [0x0000000080000000, 0x0000000100000000)
  region size 1024K, 3 young (3072K), 3 survivors (3072K)
 Metaspace       used 105117K, committed 106368K, reserved 557056K
  class space    used 14732K, committed 15296K, reserved 425984K
}
Event: 26.970 GC heap before
{Heap before GC invocations=65 (full 0):
 garbage-first heap   total 257024K, used 218557K [0x0000000080000000, 0x0000000100000000)
  region size 1024K, 35 young (35840K), 3 survivors (3072K)
 Metaspace       used 105330K, committed 106496K, reserved 557056K
  class space    used 14733K, committed 15296K, reserved 425984K
}
Event: 26.972 GC heap after
{Heap after GC invocations=66 (full 0):
 garbage-first heap   total 257024K, used 187843K [0x0000000080000000, 0x0000000100000000)
  region size 1024K, 4 young (4096K), 4 survivors (4096K)
 Metaspace       used 105330K, committed 106496K, reserved 557056K
  class space    used 14733K, committed 15296K, reserved 425984K
}
Event: 27.346 GC heap before
{Heap before GC invocations=66 (full 0):
 garbage-first heap   total 257024K, used 220611K [0x0000000080000000, 0x0000000100000000)
  region size 1024K, 36 young (36864K), 4 survivors (4096K)
 Metaspace       used 105649K, committed 106944K, reserved 557056K
  class space    used 14782K, committed 15360K, reserved 425984K
}
Event: 27.350 GC heap after
{Heap after GC invocations=67 (full 0):
 garbage-first heap   total 257024K, used 191604K [0x0000000080000000, 0x0000000100000000)
  region size 1024K, 5 young (5120K), 5 survivors (5120K)
 Metaspace       used 105649K, committed 106944K, reserved 557056K
  class space    used 14782K, committed 15360K, reserved 425984K
}
Event: 27.428 GC heap before
{Heap before GC invocations=67 (full 0):
 garbage-first heap   total 257024K, used 219252K [0x0000000080000000, 0x0000000100000000)
  region size 1024K, 33 young (33792K), 5 survivors (5120K)
 Metaspace       used 105688K, committed 106944K, reserved 557056K
  class space    used 14782K, committed 15360K, reserved 425984K
}
Event: 27.430 GC heap after
{Heap after GC invocations=68 (full 0):
 garbage-first heap   total 257024K, used 193821K [0x0000000080000000, 0x0000000100000000)
  region size 1024K, 3 young (3072K), 3 survivors (3072K)
 Metaspace       used 105688K, committed 106944K, reserved 557056K
  class space    used 14782K, committed 15360K, reserved 425984K
}
Event: 27.528 GC heap before
{Heap before GC invocations=68 (full 0):
 garbage-first heap   total 257024K, used 220445K [0x0000000080000000, 0x0000000100000000)
  region size 1024K, 30 young (30720K), 3 survivors (3072K)
 Metaspace       used 105726K, committed 106944K, reserved 557056K
  class space    used 14783K, committed 15360K, reserved 425984K
}
Event: 27.529 GC heap after
{Heap after GC invocations=69 (full 0):
 garbage-first heap   total 257024K, used 194963K [0x0000000080000000, 0x0000000100000000)
  region size 1024K, 4 young (4096K), 4 survivors (4096K)
 Metaspace       used 105726K, committed 106944K, reserved 557056K
  class space    used 14783K, committed 15360K, reserved 425984K
}
Event: 27.668 GC heap before
{Heap before GC invocations=69 (full 0):
 garbage-first heap   total 257024K, used 222611K [0x0000000080000000, 0x0000000100000000)
  region size 1024K, 31 young (31744K), 4 survivors (4096K)
 Metaspace       used 105741K, committed 107008K, reserved 557056K
  class space    used 14783K, committed 15360K, reserved 425984K
}
Event: 27.670 GC heap after
{Heap after GC invocations=70 (full 0):
 garbage-first heap   total 257024K, used 196527K [0x0000000080000000, 0x0000000100000000)
  region size 1024K, 4 young (4096K), 4 survivors (4096K)
 Metaspace       used 105741K, committed 107008K, reserved 557056K
  class space    used 14783K, committed 15360K, reserved 425984K
}

