# JRE version: OpenJDK Runtime Environment Microsoft-8035246 (17.0.8+7) (build 17.0.8+7-LTS)
# Java VM: OpenJDK 64-Bit Server VM Microsoft-8035246 (17.0.8+7-LTS, mixed mode, sharing, tiered, compressed oops, compressed class ptrs, g1 gc, windows-amd64)
GC Precious Log:
 CPUs: 12 total, 12 available
 Memory: 16261M
 Large Page Support: Disabled
 NUMA Support: Disabled
 Compressed Oops: Enabled (32-bit)
 Heap Region Size: 1M
 Heap Min Capacity: 8M
 Heap Initial Capacity: 256M
 Heap Max Capacity: 2G
 Pre-touch: Disabled
 Parallel Workers: 10
 Concurrent Workers: 3
 Concurrent Refinement Workers: 10
 Periodic GC: Disabled
Heap:
 garbage-first heap   total 250880K, used 206895K [0x0000000080000000, 0x0000000100000000)
  region size 1024K, 44 young (45056K), 6 survivors (6144K)
 Metaspace       used 104442K, committed 105472K, reserved 557056K
  class space    used 14605K, committed 15104K, reserved 425984K
GC Heap History (20 events):
Event: 28.914 GC heap before
{Heap before GC invocations=67 (full 0):
 garbage-first heap   total 208896K, used 167687K [0x0000000080000000, 0x0000000100000000)
  region size 1024K, 32 young (32768K), 5 survivors (5120K)
 Metaspace       used 95691K, committed 96640K, reserved 557056K
  class space    used 13364K, committed 13824K, reserved 425984K
}
Event: 28.917 GC heap after
{Heap after GC invocations=68 (full 0):
 garbage-first heap   total 208896K, used 144364K [0x0000000080000000, 0x0000000100000000)
  region size 1024K, 4 young (4096K), 4 survivors (4096K)
 Metaspace       used 95691K, committed 96640K, reserved 557056K
  class space    used 13364K, committed 13824K, reserved 425984K
}
Event: 29.114 GC heap before
{Heap before GC invocations=68 (full 0):
 garbage-first heap   total 208896K, used 169964K [0x0000000080000000, 0x0000000100000000)
  region size 1024K, 29 young (29696K), 4 survivors (4096K)
 Metaspace       used 97709K, committed 98688K, reserved 557056K
  class space    used 13676K, committed 14144K, reserved 425984K
}
Event: 29.116 GC heap after
{Heap after GC invocations=69 (full 0):
 garbage-first heap   total 208896K, used 145595K [0x0000000080000000, 0x0000000100000000)
  region size 1024K, 2 young (2048K), 2 survivors (2048K)
 Metaspace       used 97709K, committed 98688K, reserved 557056K
  class space    used 13676K, committed 14144K, reserved 425984K
}
Event: 29.530 GC heap before
{Heap before GC invocations=69 (full 0):
 garbage-first heap   total 208896K, used 172219K [0x0000000080000000, 0x0000000100000000)
  region size 1024K, 29 young (29696K), 2 survivors (2048K)
 Metaspace       used 99943K, committed 100928K, reserved 557056K
  class space    used 13996K, committed 14464K, reserved 425984K
}
Event: 29.532 GC heap after
{Heap after GC invocations=70 (full 0):
 garbage-first heap   total 208896K, used 146973K [0x0000000080000000, 0x0000000100000000)
  region size 1024K, 3 young (3072K), 3 survivors (3072K)
 Metaspace       used 99943K, committed 100928K, reserved 557056K
  class space    used 13996K, committed 14464K, reserved 425984K
}
Event: 29.784 GC heap before
{Heap before GC invocations=70 (full 0):
 garbage-first heap   total 208896K, used 174621K [0x0000000080000000, 0x0000000100000000)
  region size 1024K, 30 young (30720K), 3 survivors (3072K)
 Metaspace       used 101036K, committed 102016K, reserved 557056K
  class space    used 14128K, committed 14592K, reserved 425984K
}
Event: 29.786 GC heap after
{Heap after GC invocations=71 (full 0):
 garbage-first heap   total 208896K, used 149540K [0x0000000080000000, 0x0000000100000000)
  region size 1024K, 4 young (4096K), 4 survivors (4096K)
 Metaspace       used 101036K, committed 102016K, reserved 557056K
  class space    used 14128K, committed 14592K, reserved 425984K
}
Event: 29.977 GC heap before
{Heap before GC invocations=71 (full 0):
 garbage-first heap   total 208896K, used 176164K [0x0000000080000000, 0x0000000100000000)
  region size 1024K, 30 young (30720K), 4 survivors (4096K)
 Metaspace       used 102045K, committed 103040K, reserved 557056K
  class space    used 14257K, committed 14720K, reserved 425984K
}
Event: 29.980 GC heap after
{Heap after GC invocations=72 (full 0):
 garbage-first heap   total 208896K, used 153314K [0x0000000080000000, 0x0000000100000000)
  region size 1024K, 4 young (4096K), 4 survivors (4096K)
 Metaspace       used 102045K, committed 103040K, reserved 557056K
  class space    used 14257K, committed 14720K, reserved 425984K
}
Event: 30.132 GC heap before
{Heap before GC invocations=72 (full 0):
 garbage-first heap   total 208896K, used 176866K [0x0000000080000000, 0x0000000100000000)
  region size 1024K, 27 young (27648K), 4 survivors (4096K)
 Metaspace       used 102368K, committed 103360K, reserved 557056K
  class space    used 14281K, committed 14720K, reserved 425984K
}
Event: 30.135 GC heap after
{Heap after GC invocations=73 (full 0):
 garbage-first heap   total 208896K, used 156157K [0x0000000080000000, 0x0000000100000000)
  region size 1024K, 3 young (3072K), 3 survivors (3072K)
 Metaspace       used 102368K, committed 103360K, reserved 557056K
  class space    used 14281K, committed 14720K, reserved 425984K
}
Event: 30.251 GC heap before
{Heap before GC invocations=73 (full 0):
 garbage-first heap   total 208896K, used 177661K [0x0000000080000000, 0x0000000100000000)
  region size 1024K, 24 young (24576K), 3 survivors (3072K)
 Metaspace       used 102475K, committed 103488K, reserved 557056K
  class space    used 14282K, committed 14784K, reserved 425984K
}
Event: 30.253 GC heap after
{Heap after GC invocations=74 (full 0):
 garbage-first heap   total 250880K, used 158473K [0x0000000080000000, 0x0000000100000000)
  region size 1024K, 3 young (3072K), 3 survivors (3072K)
 Metaspace       used 102475K, committed 103488K, reserved 557056K
  class space    used 14282K, committed 14784K, reserved 425984K
}
Event: 30.516 GC heap before
{Heap before GC invocations=74 (full 0):
 garbage-first heap   total 250880K, used 205577K [0x0000000080000000, 0x0000000100000000)
  region size 1024K, 50 young (51200K), 3 survivors (3072K)
 Metaspace       used 103798K, committed 104896K, reserved 557056K
  class space    used 14548K, committed 15040K, reserved 425984K
}
Event: 30.519 GC heap after
{Heap after GC invocations=75 (full 0):
 garbage-first heap   total 250880K, used 163125K [0x0000000080000000, 0x0000000100000000)
  region size 1024K, 7 young (7168K), 7 survivors (7168K)
 Metaspace       used 103798K, committed 104896K, reserved 557056K
  class space    used 14548K, committed 15040K, reserved 425984K
}
Event: 30.752 GC heap before
{Heap before GC invocations=75 (full 0):
 garbage-first heap   total 250880K, used 208181K [0x0000000080000000, 0x0000000100000000)
  region size 1024K, 52 young (53248K), 7 survivors (7168K)
 Metaspace       used 104247K, committed 105280K, reserved 557056K
  class space    used 14598K, committed 15104K, reserved 425984K
}
Event: 30.757 GC heap after
{Heap after GC invocations=76 (full 0):
 garbage-first heap   total 250880K, used 164826K [0x0000000080000000, 0x0000000100000000)
  region size 1024K, 2 young (2048K), 2 survivors (2048K)
 Metaspace       used 104247K, committed 105280K, reserved 557056K
  class space    used 14598K, committed 15104K, reserved 425984K
}
Event: 30.896 GC heap before
{Heap before GC invocations=76 (full 0):
 garbage-first heap   total 250880K, used 209882K [0x0000000080000000, 0x0000000100000000)
  region size 1024K, 47 young (48128K), 2 survivors (2048K)
 Metaspace       used 104432K, committed 105472K, reserved 557056K
  class space    used 14605K, committed 15104K, reserved 425984K
}
Event: 30.899 GC heap after
{Heap after GC invocations=77 (full 0):
 garbage-first heap   total 250880K, used 170031K [0x0000000080000000, 0x0000000100000000)
  region size 1024K, 6 young (6144K), 6 survivors (6144K)
 Metaspace       used 104432K, committed 105472K, reserved 557056K
  class space    used 14605K, committed 15104K, reserved 425984K
}

