# JRE version: OpenJDK Runtime Environment Microsoft-8035246 (17.0.8+7) (build 17.0.8+7-LTS)
# Java VM: OpenJDK 64-Bit Server VM Microsoft-8035246 (17.0.8+7-LTS, mixed mode, sharing, tiered, compressed oops, compressed class ptrs, g1 gc, windows-amd64)
GC Precious Log:
 CPUs: 12 total, 12 available
 Memory: 16261M
 Large Page Support: Disabled
 NUMA Support: Disabled
 Compressed Oops: Enabled (32-bit)
 Heap Region Size: 1M
 Heap Min Capacity: 8M
 Heap Initial Capacity: 256M
 Heap Max Capacity: 2G
 Pre-touch: Disabled
 Parallel Workers: 10
 Concurrent Workers: 3
 Concurrent Refinement Workers: 10
 Periodic GC: Disabled
Heap:
 garbage-first heap   total 331776K, used 174201K [0x0000000080000000, 0x0000000100000000)
  region size 1024K, 10 young (10240K), 3 survivors (3072K)
 Metaspace       used 98315K, committed 99392K, reserved 557056K
  class space    used 13873K, committed 14400K, reserved 425984K
GC Heap History (20 events):
Event: 7.800 GC heap before
{Heap before GC invocations=32 (full 0):
 garbage-first heap   total 142336K, used 82989K [0x0000000080000000, 0x0000000100000000)
  region size 1024K, 2 young (2048K), 1 survivors (1024K)
 Metaspace       used 70268K, committed 70976K, reserved 491520K
  class space    used 9847K, committed 10176K, reserved 425984K
}
Event: 7.801 GC heap after
{Heap after GC invocations=33 (full 0):
 garbage-first heap   total 142336K, used 83685K [0x0000000080000000, 0x0000000100000000)
  region size 1024K, 2 young (2048K), 2 survivors (2048K)
 Metaspace       used 70268K, committed 70976K, reserved 491520K
  class space    used 9847K, committed 10176K, reserved 425984K
}
Event: 7.900 GC heap before
{Heap before GC invocations=34 (full 0):
 garbage-first heap   total 165888K, used 109285K [0x0000000080000000, 0x0000000100000000)
  region size 1024K, 23 young (23552K), 2 survivors (2048K)
 Metaspace       used 71187K, committed 71936K, reserved 491520K
  class space    used 9973K, committed 10304K, reserved 425984K
}
Event: 7.901 GC heap after
{Heap after GC invocations=35 (full 0):
 garbage-first heap   total 165888K, used 83849K [0x0000000080000000, 0x0000000100000000)
  region size 1024K, 2 young (2048K), 2 survivors (2048K)
 Metaspace       used 71187K, committed 71936K, reserved 491520K
  class space    used 9973K, committed 10304K, reserved 425984K
}
Event: 7.941 GC heap before
{Heap before GC invocations=35 (full 0):
 garbage-first heap   total 165888K, used 89993K [0x0000000080000000, 0x0000000100000000)
  region size 1024K, 8 young (8192K), 2 survivors (2048K)
 Metaspace       used 71624K, committed 72320K, reserved 491520K
  class space    used 10030K, committed 10304K, reserved 425984K
}
Event: 7.943 GC heap after
{Heap after GC invocations=36 (full 0):
 garbage-first heap   total 331776K, used 83593K [0x0000000080000000, 0x0000000100000000)
  region size 1024K, 1 young (1024K), 1 survivors (1024K)
 Metaspace       used 71624K, committed 72320K, reserved 491520K
  class space    used 10030K, committed 10304K, reserved 425984K
}
Event: 10.425 GC heap before
{Heap before GC invocations=36 (full 0):
 garbage-first heap   total 331776K, used 203401K [0x0000000080000000, 0x0000000100000000)
  region size 1024K, 118 young (120832K), 1 survivors (1024K)
 Metaspace       used 76937K, committed 77632K, reserved 557056K
  class space    used 10741K, committed 11072K, reserved 425984K
}
Event: 10.428 GC heap after
{Heap after GC invocations=37 (full 0):
 garbage-first heap   total 331776K, used 90592K [0x0000000080000000, 0x0000000100000000)
  region size 1024K, 8 young (8192K), 8 survivors (8192K)
 Metaspace       used 76937K, committed 77632K, reserved 557056K
  class space    used 10741K, committed 11072K, reserved 425984K
}
Event: 11.109 GC heap before
{Heap before GC invocations=37 (full 0):
 garbage-first heap   total 331776K, used 221664K [0x0000000080000000, 0x0000000100000000)
  region size 1024K, 135 young (138240K), 8 survivors (8192K)
 Metaspace       used 85115K, committed 85952K, reserved 557056K
  class space    used 12057K, committed 12480K, reserved 425984K
}
Event: 11.115 GC heap after
{Heap after GC invocations=38 (full 0):
 garbage-first heap   total 331776K, used 96642K [0x0000000080000000, 0x0000000100000000)
  region size 1024K, 14 young (14336K), 14 survivors (14336K)
 Metaspace       used 85115K, committed 85952K, reserved 557056K
  class space    used 12057K, committed 12480K, reserved 425984K
}
Event: 11.965 GC heap before
{Heap before GC invocations=38 (full 0):
 garbage-first heap   total 331776K, used 241026K [0x0000000080000000, 0x0000000100000000)
  region size 1024K, 148 young (151552K), 14 survivors (14336K)
 Metaspace       used 88027K, committed 89024K, reserved 557056K
  class space    used 12444K, committed 12928K, reserved 425984K
}
Event: 11.976 GC heap after
{Heap after GC invocations=39 (full 0):
 garbage-first heap   total 331776K, used 131896K [0x0000000080000000, 0x0000000100000000)
  region size 1024K, 19 young (19456K), 19 survivors (19456K)
 Metaspace       used 88027K, committed 89024K, reserved 557056K
  class space    used 12444K, committed 12928K, reserved 425984K
}
Event: 12.658 GC heap before
{Heap before GC invocations=39 (full 0):
 garbage-first heap   total 331776K, used 237368K [0x0000000080000000, 0x0000000100000000)
  region size 1024K, 122 young (124928K), 19 survivors (19456K)
 Metaspace       used 94921K, committed 95936K, reserved 557056K
  class space    used 13380K, committed 13888K, reserved 425984K
}
Event: 12.666 GC heap after
{Heap after GC invocations=40 (full 0):
 garbage-first heap   total 331776K, used 142416K [0x0000000080000000, 0x0000000100000000)
  region size 1024K, 9 young (9216K), 9 survivors (9216K)
 Metaspace       used 94921K, committed 95936K, reserved 557056K
  class space    used 13380K, committed 13888K, reserved 425984K
}
Event: 13.230 GC heap before
{Heap before GC invocations=40 (full 0):
 garbage-first heap   total 331776K, used 244816K [0x0000000080000000, 0x0000000100000000)
  region size 1024K, 110 young (112640K), 9 survivors (9216K)
 Metaspace       used 97627K, committed 98688K, reserved 557056K
  class space    used 13809K, committed 14336K, reserved 425984K
}
Event: 13.237 GC heap after
{Heap after GC invocations=41 (full 0):
 garbage-first heap   total 331776K, used 152674K [0x0000000080000000, 0x0000000100000000)
  region size 1024K, 11 young (11264K), 11 survivors (11264K)
 Metaspace       used 97627K, committed 98688K, reserved 557056K
  class space    used 13809K, committed 14336K, reserved 425984K
}
Event: 13.559 GC heap before
{Heap before GC invocations=41 (full 0):
 garbage-first heap   total 331776K, used 250978K [0x0000000080000000, 0x0000000100000000)
  region size 1024K, 108 young (110592K), 11 survivors (11264K)
 Metaspace       used 98246K, committed 99264K, reserved 557056K
  class space    used 13868K, committed 14400K, reserved 425984K
}
Event: 13.566 GC heap after
{Heap after GC invocations=42 (full 0):
 garbage-first heap   total 331776K, used 160524K [0x0000000080000000, 0x0000000100000000)
  region size 1024K, 8 young (8192K), 8 survivors (8192K)
 Metaspace       used 98246K, committed 99264K, reserved 557056K
  class space    used 13868K, committed 14400K, reserved 425984K
}
Event: 13.853 GC heap before
{Heap before GC invocations=42 (full 0):
 garbage-first heap   total 331776K, used 201484K [0x0000000080000000, 0x0000000100000000)
  region size 1024K, 49 young (50176K), 8 survivors (8192K)
 Metaspace       used 98256K, committed 99264K, reserved 557056K
  class space    used 13869K, committed 14400K, reserved 425984K
}
Event: 13.857 GC heap after
{Heap after GC invocations=43 (full 0):
 garbage-first heap   total 331776K, used 163961K [0x0000000080000000, 0x0000000100000000)
  region size 1024K, 3 young (3072K), 3 survivors (3072K)
 Metaspace       used 98256K, committed 99264K, reserved 557056K
  class space    used 13869K, committed 14400K, reserved 425984K
}

